<?xml version="1.0" encoding="UTF-8"?>
<testsuite xmlns:xsi="http://www.w3.org/2001/XMLSchema-instance" xsi:noNamespaceSchemaLocation="https://maven.apache.org/surefire/maven-surefire-plugin/xsd/surefire-test-report.xsd" name="org.example.tests.RunCucumberTest" time="96.852" tests="2" errors="0" skipped="0" failures="1">
  <properties>
[...]
</properties>
  <testcase name="Search for a product and verify the price in the cart without promotion #1" classname="Product search and cart verification" time="49.793"/>
  <testcase name="Search for a product and verify the price in the cart without promotion #2" classname="Product search and cart verification" time="45.709">
    <failure message="The price in the cart does not match the expected price. expected:&lt;1[7.0]9 PLN&gt; but was:&lt;1[8.9]9 PLN&gt;" type="org.junit.ComparisonFailure"><![CDATA[org.junit.ComparisonFailure: The price in the cart does not match the expected price. expected:<1[7.0]9 PLN> but was:<1[8.9]9 PLN>
]]></failure>
    <system-out><![CDATA[
@checkProductPrice
Scenario Outline: Search for a product and verify the price in the cart without promotion # src/test/java/org/example/features/SearchForProduct.feature:14
  Given I navigate to the G2A homepage                                                    # org.example.steps.ProductSteps.iNavigateToTheG2AHomepage()

    Embedding 1720613636261 [image/png 1743104 bytes]

  When I search for product                                                               # org.example.steps.ProductSteps.iSearchForProduct()

    Embedding 1720613656500 [image/png 263981 bytes]

  And I note the price of the product                                                     # org.example.steps.ProductSteps.iNoteThePriceOfTheProduct()

    Embedding 1720613656866 [image/png 263981 bytes]

  And I add the product to the cart with priceVariant 'no'                                # org.example.steps.ProductSteps.iAddTheProductToTheCart(java.lang.String)

    Embedding 1720613669114 [image/png 560328 bytes]

  Then I verify the price in the cart                                                     # org.example.steps.ProductSteps.iVerifyThePriceInTheCart()
      org.junit.ComparisonFailure: The price in the cart does not match the expected price. expected:<1[7.0]9 PLN> but was:<1[8.9]9 PLN>
	at org.junit.Assert.assertEquals(Assert.java:117)
	at org.example.steps.ProductSteps.iVerifyThePriceInTheCart(ProductSteps.java:55)
	at âś˝.I verify the price in the cart(file:///D:/PROGRAMY/EclipseWorkspace/G2AProjekt/src/test/java/org/example/features/SearchForProduct.feature:9)


    Embedding 1720613672569 [image/png 459709 bytes]

]]></system-out>
    <system-err><![CDATA[Starting ChromeDriver 126.0.6478.126 (d36ace6122e0a59570e258d82441395206d60e1c-refs/branch-heads/6478@{#1591}) on port 60379
Only local connections are allowed.
Please see https://chromedriver.chromium.org/security-considerations for suggestions on keeping ChromeDriver safe.
ChromeDriver was started successfully.
lip 10, 2024 2:13:49 PM org.openqa.selenium.remote.ProtocolHandshake createSession
INFO: Detected upstream dialect: W3C
lip 10, 2024 2:13:49 PM org.openqa.selenium.devtools.CdpVersionFinder findNearestMatch
WARNING: Unable to find an exact match for CDP version 126, so returning the closest version found: a no-op implementation
lip 10, 2024 2:13:49 PM org.openqa.selenium.devtools.CdpVersionFinder findNearestMatch
INFO: Unable to find CDP implementation matching 126.
lip 10, 2024 2:13:49 PM org.openqa.selenium.chromium.ChromiumDriver lambda$new$3
WARNING: Unable to find version of CDP to use for . You may need to include a dependency on a specific version of the CDP using something similar to `org.seleniumhq.selenium:selenium-devtools-v86:4.3.0` where the version ("v86") matches the version of the chromium-based browser you're using and the version number of the artifact is the same as Selenium's.
]]></system-err>
  </testcase>
</testsuite>